Sat Jul 14 15:03:30 2012
 :Another Instance of Video Server is already running

Sat Jul 14 15:04:05 2012
 : Captured an empty message, PING i guess

Sat Jul 14 15:07:13 2012
 : Captured an empty message, PING i guess

Sat Jul 14 15:37:26 2012
Invalid Command

Mon Jul 16 17:39:32 2012
This client doesn't understand server protocol

Mon Jul 16 17:44:49 2012
Invalid Command

Tue Jul 17 09:39:43 2012
 :Another Instance of Video Server is already running

Tue Jul 17 09:41:15 2012
This client doesn't understand server protocol

Tue Jul 17 09:45:49 2012
 :Another Instance of Video Server is already running

Tue Jul 17 09:46:24 2012
 :Another Instance of Video Server is already running

Tue Jul 17 09:47:53 2012
 :Another Instance of Video Server is already running

Tue Jul 17 10:12:43 2012
Server Responded to Client's request

Tue Jul 17 10:15:18 2012
Server Responded to Client's request

Tue Jul 17 10:24:24 2012
Server Responded to Client's request

Tue Jul 17 10:44:45 2012
Server Responded to Client's request

Tue Jul 17 11:05:18 2012
Server Responded to Client's request

Tue Jul 17 11:07:27 2012
Server Responded to Client's request

Tue Jul 17 11:11:36 2012
Server Responded to Client's request

Tue Jul 17 11:14:09 2012
Server Responded to Client's request

Tue Jul 17 11:21:42 2012
Server Responded to Client's request

Tue Jul 17 11:28:48 2012
Server Responded to Client's request

Tue Jul 17 11:34:12 2012
Server Responded to Client's request

Tue Jul 17 11:42:18 2012
Server Responded to Client's request

Tue Jul 17 11:47:48 2012
Server Responded to Client's request

Tue Jul 17 11:57:02 2012
Server Responded to Client's request

Tue Jul 17 12:03:38 2012
Server Responded to Client's request

Tue Jul 17 12:05:35 2012
Server Responded to Client's request

Tue Jul 17 12:13:39 2012
Client has not registered hence, cannot get a list: register your rtsp URI and get an sid

Tue Jul 17 12:18:05 2012
Client has not registered hence, cannot get a list: register your rtsp URI and get an sid

Tue Jul 17 12:18:31 2012
Client has not registered hence, cannot get a list: register your rtsp URI and get an sid

Tue Jul 17 12:18:47 2012
Client has not registered hence, cannot get a list: register your rtsp URI and get an sid

Tue Jul 17 12:20:06 2012
Client has not registered hence, cannot get a list: register your rtsp URI and get an sid

Tue Jul 17 12:20:20 2012
Server Responded to Client's request

